[2019-07-02 23:20:45.774] [exthost] [info] extension host started
[2019-07-02 23:20:45.871] [exthost] [info] ExtensionService#_doActivateExtension vscode.debug-auto-launch {"startup":true,"activationEvent":"*"}
[2019-07-02 23:20:45.871] [exthost] [info] ExtensionService#loadCommonJSModule /snap/code/9/usr/share/code/resources/app/extensions/debug-auto-launch/dist/extension
[2019-07-02 23:20:45.877] [exthost] [info] ExtensionService#_doActivateExtension vscode.emmet {"startup":true,"activationEvent":"*"}
[2019-07-02 23:20:45.877] [exthost] [info] ExtensionService#loadCommonJSModule /snap/code/9/usr/share/code/resources/app/extensions/emmet/dist/extension
[2019-07-02 23:20:45.914] [exthost] [info] ExtensionService#_doActivateExtension vscode.git {"startup":true,"activationEvent":"*"}
[2019-07-02 23:20:45.915] [exthost] [info] ExtensionService#loadCommonJSModule /snap/code/9/usr/share/code/resources/app/extensions/git/dist/main
[2019-07-02 23:20:46.159] [exthost] [info] ExtensionService#_doActivateExtension vscode.merge-conflict {"startup":true,"activationEvent":"*"}
[2019-07-02 23:20:46.159] [exthost] [info] ExtensionService#loadCommonJSModule /snap/code/9/usr/share/code/resources/app/extensions/merge-conflict/dist/extension
[2019-07-02 23:20:46.171] [exthost] [info] ExtensionService#_doActivateExtension dbaeumer.vscode-eslint {"startup":true,"activationEvent":"*"}
[2019-07-02 23:20:46.171] [exthost] [info] ExtensionService#loadCommonJSModule /home/ubuntu_react/.vscode/extensions/dbaeumer.vscode-eslint-1.9.0/client/out/extension
[2019-07-02 23:20:46.255] [exthost] [info] eager extensions activated
[2019-07-02 23:21:10.952] [exthost] [info] ExtensionService#_doActivateExtension vscode.typescript-language-features {"startup":false,"activationEvent":"onLanguage:javascriptreact"}
[2019-07-02 23:21:10.954] [exthost] [info] ExtensionService#loadCommonJSModule /snap/code/9/usr/share/code/resources/app/extensions/typescript-language-features/dist/extension
[2019-07-02 23:21:11.147] [exthost] [info] ExtensionService#_doActivateExtension SonarSource.sonarlint-vscode {"startup":false,"activationEvent":"onLanguage:javascriptreact"}
[2019-07-02 23:21:11.147] [exthost] [info] ExtensionService#loadCommonJSModule /home/ubuntu_react/.vscode/extensions/sonarsource.sonarlint-vscode-1.8.0/out/src/extension
[2019-07-02 23:21:55.829] [exthost] [info] ExtensionService#_doActivateExtension vscode.configuration-editing {"startup":false,"activationEvent":"onLanguage:json"}
[2019-07-02 23:21:55.829] [exthost] [info] ExtensionService#loadCommonJSModule /snap/code/9/usr/share/code/resources/app/extensions/configuration-editing/dist/extension
[2019-07-02 23:21:55.843] [exthost] [info] ExtensionService#_doActivateExtension vscode.extension-editing {"startup":false,"activationEvent":"onLanguage:json"}
[2019-07-02 23:21:55.843] [exthost] [info] ExtensionService#loadCommonJSModule /snap/code/9/usr/share/code/resources/app/extensions/extension-editing/dist/extension
[2019-07-02 23:21:55.952] [exthost] [info] ExtensionService#_doActivateExtension vscode.json-language-features {"startup":false,"activationEvent":"onLanguage:json"}
[2019-07-02 23:21:55.952] [exthost] [info] ExtensionService#loadCommonJSModule /snap/code/9/usr/share/code/resources/app/extensions/json-language-features/client/dist/jsonMain
[2019-07-02 23:21:56.155] [exthost] [info] ExtensionService#_doActivateExtension vscode.npm {"startup":false,"activationEvent":"onLanguage:json"}
[2019-07-02 23:21:56.155] [exthost] [info] ExtensionService#loadCommonJSModule /snap/code/9/usr/share/code/resources/app/extensions/npm/dist/main
[2019-07-02 23:22:32.066] [exthost] [info] ExtensionService#_doActivateExtension vscode.css-language-features {"startup":false,"activationEvent":"onLanguage:css"}
[2019-07-02 23:22:32.066] [exthost] [info] ExtensionService#loadCommonJSModule /snap/code/9/usr/share/code/resources/app/extensions/css-language-features/client/dist/cssMain
